<?xml version="1.0" encoding="UTF-8"?>
<coverage generated="1643084308451" clover="3.2.0">
  <project timestamp="1643084308452" name="All files">
    <metrics statements="72" coveredstatements="55" conditionals="24" coveredconditionals="16" methods="33" coveredmethods="20" elements="129" coveredelements="91" complexity="0" loc="72" ncloc="72" packages="16" files="17" classes="17"/>
    <package name="atoms.assets">
      <metrics statements="4" coveredstatements="4" conditionals="2" coveredconditionals="2" methods="2" coveredmethods="2"/>
      <file name="booksData.tsx" path="/home/krishy/Documents/webD/reactStart/blinkist/src/components/atoms/assets/booksData.tsx">
        <metrics statements="4" coveredstatements="4" conditionals="2" coveredconditionals="2" methods="2" coveredmethods="2"/>
        <line num="15" count="4" type="stmt"/>
        <line num="104" count="3" type="stmt"/>
        <line num="105" count="30" type="cond" truecount="2" falsecount="0"/>
        <line num="106" count="3" type="stmt"/>
      </file>
    </package>
    <package name="atoms.avatar">
      <metrics statements="2" coveredstatements="2" conditionals="0" coveredconditionals="0" methods="1" coveredmethods="1"/>
      <file name="Avatar.tsx" path="/home/krishy/Documents/webD/reactStart/blinkist/src/components/atoms/avatar/Avatar.tsx">
        <metrics statements="2" coveredstatements="2" conditionals="0" coveredconditionals="0" methods="1" coveredmethods="1"/>
        <line num="6" count="1" type="stmt"/>
        <line num="7" count="2" type="stmt"/>
      </file>
    </package>
    <package name="atoms.logo">
      <metrics statements="2" coveredstatements="2" conditionals="0" coveredconditionals="0" methods="1" coveredmethods="1"/>
      <file name="logo.tsx" path="/home/krishy/Documents/webD/reactStart/blinkist/src/components/atoms/logo/logo.tsx">
        <metrics statements="2" coveredstatements="2" conditionals="0" coveredconditionals="0" methods="1" coveredmethods="1"/>
        <line num="2" count="5" type="stmt"/>
        <line num="3" count="7" type="stmt"/>
      </file>
    </package>
    <package name="molecules.button">
      <metrics statements="6" coveredstatements="5" conditionals="0" coveredconditionals="0" methods="3" coveredmethods="2"/>
      <file name="ConnectBtn.tsx" path="/home/krishy/Documents/webD/reactStart/blinkist/src/components/molecules/button/ConnectBtn.tsx">
        <metrics statements="2" coveredstatements="2" conditionals="0" coveredconditionals="0" methods="1" coveredmethods="1"/>
        <line num="9" count="1" type="stmt"/>
        <line num="10" count="1" type="stmt"/>
      </file>
      <file name="liberaryButton.tsx" path="/home/krishy/Documents/webD/reactStart/blinkist/src/components/molecules/button/liberaryButton.tsx">
        <metrics statements="4" coveredstatements="3" conditionals="0" coveredconditionals="0" methods="2" coveredmethods="1"/>
        <line num="8" count="5" type="stmt"/>
        <line num="10" count="21" type="stmt"/>
        <line num="26" count="5" type="stmt"/>
        <line num="27" count="0" type="stmt"/>
      </file>
    </package>
    <package name="molecules.card">
      <metrics statements="11" coveredstatements="7" conditionals="4" coveredconditionals="3" methods="5" coveredmethods="2"/>
      <file name="ImageCard.tsx" path="/home/krishy/Documents/webD/reactStart/blinkist/src/components/molecules/card/ImageCard.tsx">
        <metrics statements="11" coveredstatements="7" conditionals="4" coveredconditionals="3" methods="5" coveredmethods="2"/>
        <line num="24" count="4" type="stmt"/>
        <line num="27" count="31" type="cond" truecount="2" falsecount="0"/>
        <line num="28" count="20" type="stmt"/>
        <line num="29" count="11" type="cond" truecount="1" falsecount="1"/>
        <line num="30" count="0" type="stmt"/>
        <line num="36" count="0" type="stmt"/>
        <line num="37" count="0" type="stmt"/>
        <line num="53" count="11" type="stmt"/>
        <line num="70" count="31" type="stmt"/>
        <line num="127" count="4" type="stmt"/>
        <line num="136" count="0" type="stmt"/>
      </file>
    </package>
    <package name="molecules.search_bar">
      <metrics statements="2" coveredstatements="2" conditionals="0" coveredconditionals="0" methods="1" coveredmethods="1"/>
      <file name="SearchBar.tsx" path="/home/krishy/Documents/webD/reactStart/blinkist/src/components/molecules/search_bar/SearchBar.tsx">
        <metrics statements="2" coveredstatements="2" conditionals="0" coveredconditionals="0" methods="1" coveredmethods="1"/>
        <line num="6" count="4" type="stmt"/>
        <line num="7" count="2" type="stmt"/>
      </file>
    </package>
    <package name="molecules.tabs">
      <metrics statements="3" coveredstatements="3" conditionals="4" coveredconditionals="4" methods="1" coveredmethods="1"/>
      <file name="tab.tsx" path="/home/krishy/Documents/webD/reactStart/blinkist/src/components/molecules/tabs/tab.tsx">
        <metrics statements="3" coveredstatements="3" conditionals="4" coveredconditionals="4" methods="1" coveredmethods="1"/>
        <line num="8" count="2" type="stmt"/>
        <line num="9" count="3" type="stmt"/>
        <line num="31" count="2" type="stmt"/>
      </file>
    </package>
    <package name="organisms.banner">
      <metrics statements="2" coveredstatements="2" conditionals="0" coveredconditionals="0" methods="1" coveredmethods="1"/>
      <file name="banner.tsx" path="/home/krishy/Documents/webD/reactStart/blinkist/src/components/organisms/banner/banner.tsx">
        <metrics statements="2" coveredstatements="2" conditionals="0" coveredconditionals="0" methods="1" coveredmethods="1"/>
        <line num="4" count="2" type="stmt"/>
        <line num="5" count="3" type="stmt"/>
      </file>
    </package>
    <package name="organisms.booksTab">
      <metrics statements="7" coveredstatements="6" conditionals="2" coveredconditionals="1" methods="2" coveredmethods="2"/>
      <file name="bookTab.tsx" path="/home/krishy/Documents/webD/reactStart/blinkist/src/components/organisms/booksTab/bookTab.tsx">
        <metrics statements="7" coveredstatements="6" conditionals="2" coveredconditionals="1" methods="2" coveredmethods="2"/>
        <line num="20" count="3" type="stmt"/>
        <line num="22" count="3" type="stmt"/>
        <line num="24" count="3" type="stmt"/>
        <line num="34" count="30" type="cond" truecount="1" falsecount="1"/>
        <line num="35" count="30" type="stmt"/>
        <line num="41" count="0" type="stmt"/>
        <line num="48" count="3" type="stmt"/>
      </file>
    </package>
    <package name="organisms.extendedNav">
      <metrics statements="4" coveredstatements="4" conditionals="0" coveredconditionals="0" methods="2" coveredmethods="2"/>
      <file name="ExtendedNav.tsx" path="/home/krishy/Documents/webD/reactStart/blinkist/src/components/organisms/extendedNav/ExtendedNav.tsx">
        <metrics statements="4" coveredstatements="4" conditionals="0" coveredconditionals="0" methods="2" coveredmethods="2"/>
        <line num="4" count="4" type="stmt"/>
        <line num="146" count="4" type="stmt"/>
        <line num="147" count="1" type="stmt"/>
        <line num="184" count="18" type="stmt"/>
      </file>
    </package>
    <package name="organisms.finishedTab">
      <metrics statements="6" coveredstatements="2" conditionals="2" coveredconditionals="0" methods="2" coveredmethods="0"/>
      <file name="FinishedTab.tsx" path="/home/krishy/Documents/webD/reactStart/blinkist/src/components/organisms/finishedTab/FinishedTab.tsx">
        <metrics statements="6" coveredstatements="2" conditionals="2" coveredconditionals="0" methods="2" coveredmethods="0"/>
        <line num="20" count="1" type="stmt"/>
        <line num="21" count="0" type="stmt"/>
        <line num="30" count="0" type="cond" truecount="0" falsecount="2"/>
        <line num="31" count="0" type="stmt"/>
        <line num="36" count="0" type="stmt"/>
        <line num="43" count="1" type="stmt"/>
      </file>
    </package>
    <package name="organisms.footer">
      <metrics statements="2" coveredstatements="2" conditionals="0" coveredconditionals="0" methods="1" coveredmethods="1"/>
      <file name="Footer.tsx" path="/home/krishy/Documents/webD/reactStart/blinkist/src/components/organisms/footer/Footer.tsx">
        <metrics statements="2" coveredstatements="2" conditionals="0" coveredconditionals="0" methods="1" coveredmethods="1"/>
        <line num="6" count="3" type="stmt"/>
        <line num="7" count="3" type="stmt"/>
      </file>
    </package>
    <package name="organisms.header">
      <metrics statements="7" coveredstatements="5" conditionals="8" coveredconditionals="5" methods="3" coveredmethods="1"/>
      <file name="Header.tsx" path="/home/krishy/Documents/webD/reactStart/blinkist/src/components/organisms/header/Header.tsx">
        <metrics statements="7" coveredstatements="5" conditionals="8" coveredconditionals="5" methods="3" coveredmethods="1"/>
        <line num="24" count="3" type="stmt"/>
        <line num="25" count="3" type="stmt"/>
        <line num="26" count="3" type="stmt"/>
        <line num="29" count="3" type="stmt"/>
        <line num="48" count="0" type="stmt"/>
        <line num="58" count="0" type="stmt"/>
        <line num="110" count="3" type="stmt"/>
      </file>
    </package>
    <package name="organisms.navSelection">
      <metrics statements="2" coveredstatements="2" conditionals="0" coveredconditionals="0" methods="1" coveredmethods="1"/>
      <file name="NavSelection.tsx" path="/home/krishy/Documents/webD/reactStart/blinkist/src/components/organisms/navSelection/NavSelection.tsx">
        <metrics statements="2" coveredstatements="2" conditionals="0" coveredconditionals="0" methods="1" coveredmethods="1"/>
        <line num="4" count="4" type="stmt"/>
        <line num="5" count="4" type="stmt"/>
      </file>
    </package>
    <package name="pages.entrepreneurship">
      <metrics statements="4" coveredstatements="3" conditionals="0" coveredconditionals="0" methods="2" coveredmethods="1"/>
      <file name="Entrepreneurship.tsx" path="/home/krishy/Documents/webD/reactStart/blinkist/src/components/pages/entrepreneurship/Entrepreneurship.tsx">
        <metrics statements="4" coveredstatements="3" conditionals="0" coveredconditionals="0" methods="2" coveredmethods="1"/>
        <line num="9" count="1" type="stmt"/>
        <line num="10" count="1" type="stmt"/>
        <line num="11" count="0" type="stmt"/>
        <line num="14" count="1" type="stmt"/>
      </file>
    </package>
    <package name="pages.entry">
      <metrics statements="8" coveredstatements="4" conditionals="2" coveredconditionals="1" methods="5" coveredmethods="1"/>
      <file name="EntryPage.tsx" path="/home/krishy/Documents/webD/reactStart/blinkist/src/components/pages/entry/EntryPage.tsx">
        <metrics statements="8" coveredstatements="4" conditionals="2" coveredconditionals="1" methods="5" coveredmethods="1"/>
        <line num="12" count="1" type="stmt"/>
        <line num="14" count="1" type="stmt"/>
        <line num="16" count="1" type="stmt"/>
        <line num="17" count="0" type="stmt"/>
        <line num="20" count="1" type="stmt"/>
        <line num="22" count="0" type="stmt"/>
        <line num="30" count="0" type="stmt"/>
        <line num="31" count="0" type="stmt"/>
      </file>
    </package>
  </project>
</coverage>
