{"/home/krishy/Documents/webD/reactStart/blinkist/src/components/atoms/assets/booksData.tsx": {"path":"/home/krishy/Documents/webD/reactStart/blinkist/src/components/atoms/assets/booksData.tsx","statementMap":{"0":{"start":{"line":15,"column":16},"end":{"line":102,"column":5}},"1":{"start":{"line":104,"column":0},"end":{"line":108,"column":2}},"2":{"start":{"line":105,"column":2},"end":{"line":107,"column":3}},"3":{"start":{"line":106,"column":4},"end":{"line":106,"column":22}}},"fnMap":{"0":{"name":"set","decl":{"start":{"line":103,"column":9},"end":{"line":103,"column":12}},"loc":{"start":{"line":103,"column":37},"end":{"line":109,"column":1}},"line":103},"1":{"name":"(anonymous_1)","decl":{"start":{"line":104,"column":20},"end":{"line":104,"column":21}},"loc":{"start":{"line":104,"column":26},"end":{"line":108,"column":1}},"line":104}},"branchMap":{"0":{"loc":{"start":{"line":105,"column":2},"end":{"line":107,"column":3}},"type":"if","locations":[{"start":{"line":105,"column":2},"end":{"line":107,"column":3}},{"start":{},"end":{}}],"line":105}},"s":{"0":1,"1":0,"2":0,"3":0},"f":{"0":0,"1":0},"b":{"0":[0,0]},"_coverageSchema":"1a1c01bbd47fc00a2c39e90264f33305004495a9","hash":"704318f9e5381233a880a3faca41d0b498fcedf5"}
,"/home/krishy/Documents/webD/reactStart/blinkist/src/components/atoms/avatar/Avatar.tsx": {"path":"/home/krishy/Documents/webD/reactStart/blinkist/src/components/atoms/avatar/Avatar.tsx","statementMap":{"0":{"start":{"line":6,"column":13},"end":{"line":11,"column":1}},"1":{"start":{"line":7,"column":0},"end":{"line":10,"column":1}}},"fnMap":{"0":{"name":"(anonymous_0)","decl":{"start":{"line":6,"column":13},"end":{"line":6,"column":14}},"loc":{"start":{"line":6,"column":34},"end":{"line":11,"column":1}},"line":6}},"branchMap":{},"s":{"0":1,"1":2},"f":{"0":2},"b":{},"_coverageSchema":"1a1c01bbd47fc00a2c39e90264f33305004495a9","hash":"5bb5f417ddaab91167dce05be481f86584ff7e58"}
,"/home/krishy/Documents/webD/reactStart/blinkist/src/components/atoms/logo/logo.tsx": {"path":"/home/krishy/Documents/webD/reactStart/blinkist/src/components/atoms/logo/logo.tsx","statementMap":{"0":{"start":{"line":2,"column":12},"end":{"line":8,"column":1}},"1":{"start":{"line":3,"column":4},"end":{"line":7,"column":5}}},"fnMap":{"0":{"name":"(anonymous_0)","decl":{"start":{"line":2,"column":12},"end":{"line":2,"column":13}},"loc":{"start":{"line":2,"column":16},"end":{"line":8,"column":1}},"line":2}},"branchMap":{},"s":{"0":2,"1":3},"f":{"0":3},"b":{},"_coverageSchema":"1a1c01bbd47fc00a2c39e90264f33305004495a9","hash":"b4c254edd121ba13057ab0337e0c996241b147f3"}
,"/home/krishy/Documents/webD/reactStart/blinkist/src/components/molecules/button/connectButton.tsx": {"path":"/home/krishy/Documents/webD/reactStart/blinkist/src/components/molecules/button/connectButton.tsx","statementMap":{"0":{"start":{"line":9,"column":19},"end":{"line":20,"column":1}},"1":{"start":{"line":10,"column":4},"end":{"line":19,"column":5}}},"fnMap":{"0":{"name":"(anonymous_0)","decl":{"start":{"line":9,"column":19},"end":{"line":9,"column":20}},"loc":{"start":{"line":9,"column":46},"end":{"line":20,"column":1}},"line":9}},"branchMap":{},"s":{"0":1,"1":1},"f":{"0":1},"b":{},"_coverageSchema":"1a1c01bbd47fc00a2c39e90264f33305004495a9","hash":"8e208b7463d0c478d0e5cea07afb7149885c8469"}
,"/home/krishy/Documents/webD/reactStart/blinkist/src/components/molecules/button/liberaryButton.tsx": {"path":"/home/krishy/Documents/webD/reactStart/blinkist/src/components/molecules/button/liberaryButton.tsx","statementMap":{"0":{"start":{"line":8,"column":21},"end":{"line":25,"column":1}},"1":{"start":{"line":10,"column":4},"end":{"line":24,"column":5}},"2":{"start":{"line":26,"column":0},"end":{"line":29,"column":1}},"3":{"start":{"line":27,"column":12},"end":{"line":27,"column":50}}},"fnMap":{"0":{"name":"(anonymous_0)","decl":{"start":{"line":8,"column":21},"end":{"line":8,"column":22}},"loc":{"start":{"line":8,"column":46},"end":{"line":25,"column":1}},"line":8},"1":{"name":"(anonymous_1)","decl":{"start":{"line":27,"column":8},"end":{"line":27,"column":9}},"loc":{"start":{"line":27,"column":12},"end":{"line":27,"column":50}},"line":27}},"branchMap":{},"s":{"0":2,"1":1,"2":2,"3":0},"f":{"0":1,"1":0},"b":{},"_coverageSchema":"1a1c01bbd47fc00a2c39e90264f33305004495a9","hash":"5d6cc96ab0483ad44c79e041177b8c5ac1224a56"}
,"/home/krishy/Documents/webD/reactStart/blinkist/src/components/molecules/card/Card.tsx": {"path":"/home/krishy/Documents/webD/reactStart/blinkist/src/components/molecules/card/Card.tsx","statementMap":{"0":{"start":{"line":27,"column":16},"end":{"line":130,"column":1}},"1":{"start":{"line":28,"column":18},"end":{"line":28,"column":31}},"2":{"start":{"line":30,"column":25},"end":{"line":72,"column":19}},"3":{"start":{"line":30,"column":30},"end":{"line":72,"column":18}},"4":{"start":{"line":31,"column":15},"end":{"line":31,"column":87}},"5":{"start":{"line":31,"column":53},"end":{"line":31,"column":67}},"6":{"start":{"line":32,"column":18},"end":{"line":72,"column":18}},"7":{"start":{"line":33,"column":13},"end":{"line":56,"column":21}},"8":{"start":{"line":39,"column":17},"end":{"line":39,"column":51}},"9":{"start":{"line":40,"column":16},"end":{"line":40,"column":36}},"10":{"start":{"line":41,"column":16},"end":{"line":41,"column":33}},"11":{"start":{"line":57,"column":18},"end":{"line":72,"column":16}},"12":{"start":{"line":74,"column":4},"end":{"line":129,"column":5}},"13":{"start":{"line":131,"column":0},"end":{"line":141,"column":1}}},"fnMap":{"0":{"name":"(anonymous_0)","decl":{"start":{"line":27,"column":16},"end":{"line":27,"column":17}},"loc":{"start":{"line":27,"column":34},"end":{"line":130,"column":1}},"line":27},"1":{"name":"(anonymous_1)","decl":{"start":{"line":30,"column":25},"end":{"line":30,"column":26}},"loc":{"start":{"line":30,"column":29},"end":{"line":72,"column":19}},"line":30},"2":{"name":"(anonymous_2)","decl":{"start":{"line":31,"column":48},"end":{"line":31,"column":49}},"loc":{"start":{"line":31,"column":53},"end":{"line":31,"column":67}},"line":31},"3":{"name":"(anonymous_3)","decl":{"start":{"line":38,"column":22},"end":{"line":38,"column":23}},"loc":{"start":{"line":38,"column":26},"end":{"line":42,"column":13}},"line":38}},"branchMap":{"0":{"loc":{"start":{"line":30,"column":30},"end":{"line":72,"column":18}},"type":"if","locations":[{"start":{"line":30,"column":30},"end":{"line":72,"column":18}},{"start":{"line":32,"column":18},"end":{"line":72,"column":18}}],"line":30},"1":{"loc":{"start":{"line":32,"column":18},"end":{"line":72,"column":18}},"type":"if","locations":[{"start":{"line":32,"column":18},"end":{"line":72,"column":18}},{"start":{"line":57,"column":17},"end":{"line":72,"column":18}}],"line":32}},"s":{"0":1,"1":3,"2":0,"3":0,"4":0,"5":0,"6":0,"7":0,"8":0,"9":0,"10":0,"11":0,"12":0,"13":1},"f":{"0":3,"1":0,"2":0,"3":0},"b":{"0":[0,0],"1":[0,0]},"_coverageSchema":"1a1c01bbd47fc00a2c39e90264f33305004495a9","hash":"bb16fb0088030a6ff4ba5c5e47ff3a7391990995"}
,"/home/krishy/Documents/webD/reactStart/blinkist/src/components/molecules/search_bar/SearchBar.tsx": {"path":"/home/krishy/Documents/webD/reactStart/blinkist/src/components/molecules/search_bar/SearchBar.tsx","statementMap":{"0":{"start":{"line":10,"column":17},"end":{"line":33,"column":1}},"1":{"start":{"line":11,"column":0},"end":{"line":32,"column":1}}},"fnMap":{"0":{"name":"(anonymous_0)","decl":{"start":{"line":10,"column":17},"end":{"line":10,"column":18}},"loc":{"start":{"line":10,"column":21},"end":{"line":33,"column":1}},"line":10}},"branchMap":{},"s":{"0":1,"1":1},"f":{"0":1},"b":{},"_coverageSchema":"1a1c01bbd47fc00a2c39e90264f33305004495a9","hash":"3c428a734d390d543a8a314e4d1134ac8d2a877c"}
,"/home/krishy/Documents/webD/reactStart/blinkist/src/components/molecules/tabs/tab.tsx": {"path":"/home/krishy/Documents/webD/reactStart/blinkist/src/components/molecules/tabs/tab.tsx","statementMap":{"0":{"start":{"line":8,"column":12},"end":{"line":29,"column":1}},"1":{"start":{"line":9,"column":4},"end":{"line":28,"column":5}},"2":{"start":{"line":31,"column":0},"end":{"line":34,"column":1}}},"fnMap":{"0":{"name":"(anonymous_0)","decl":{"start":{"line":8,"column":12},"end":{"line":8,"column":13}},"loc":{"start":{"line":8,"column":32},"end":{"line":29,"column":1}},"line":8}},"branchMap":{"0":{"loc":{"start":{"line":11,"column":25},"end":{"line":13,"column":32}},"type":"cond-expr","locations":[{"start":{"line":12,"column":13},"end":{"line":12,"column":32}},{"start":{"line":13,"column":13},"end":{"line":13,"column":32}}],"line":11},"1":{"loc":{"start":{"line":16,"column":18},"end":{"line":18,"column":22}},"type":"cond-expr","locations":[{"start":{"line":17,"column":13},"end":{"line":17,"column":22}},{"start":{"line":18,"column":13},"end":{"line":18,"column":22}}],"line":16}},"s":{"0":1,"1":2,"2":1},"f":{"0":2},"b":{"0":[2,0],"1":[2,0]},"_coverageSchema":"1a1c01bbd47fc00a2c39e90264f33305004495a9","hash":"1ea7d3186f46303e784d06147f84284dbb3be202"}
,"/home/krishy/Documents/webD/reactStart/blinkist/src/components/organisms/banner/banner.tsx": {"path":"/home/krishy/Documents/webD/reactStart/blinkist/src/components/organisms/banner/banner.tsx","statementMap":{"0":{"start":{"line":4,"column":15},"end":{"line":89,"column":1}},"1":{"start":{"line":5,"column":4},"end":{"line":88,"column":5}}},"fnMap":{"0":{"name":"(anonymous_0)","decl":{"start":{"line":4,"column":15},"end":{"line":4,"column":16}},"loc":{"start":{"line":4,"column":21},"end":{"line":89,"column":1}},"line":4}},"branchMap":{},"s":{"0":1,"1":2},"f":{"0":2},"b":{},"_coverageSchema":"1a1c01bbd47fc00a2c39e90264f33305004495a9","hash":"abec3536a22554f51f14c6f116fda0b542900b42"}
,"/home/krishy/Documents/webD/reactStart/blinkist/src/components/organisms/footer/footer.tsx": {"path":"/home/krishy/Documents/webD/reactStart/blinkist/src/components/organisms/footer/footer.tsx","statementMap":{"0":{"start":{"line":6,"column":13},"end":{"line":52,"column":1}},"1":{"start":{"line":7,"column":4},"end":{"line":51,"column":5}}},"fnMap":{"0":{"name":"(anonymous_0)","decl":{"start":{"line":6,"column":13},"end":{"line":6,"column":14}},"loc":{"start":{"line":6,"column":17},"end":{"line":52,"column":1}},"line":6}},"branchMap":{},"s":{"0":1,"1":2},"f":{"0":2},"b":{},"_coverageSchema":"1a1c01bbd47fc00a2c39e90264f33305004495a9","hash":"62e5e8801455aa9b0c0473c72740fe542bc32730"}
,"/home/krishy/Documents/webD/reactStart/blinkist/src/components/organisms/navSelection/NavSelection.tsx": {"path":"/home/krishy/Documents/webD/reactStart/blinkist/src/components/organisms/navSelection/NavSelection.tsx","statementMap":{"0":{"start":{"line":7,"column":19},"end":{"line":93,"column":1}},"1":{"start":{"line":8,"column":4},"end":{"line":92,"column":5}}},"fnMap":{"0":{"name":"(anonymous_0)","decl":{"start":{"line":7,"column":19},"end":{"line":7,"column":20}},"loc":{"start":{"line":7,"column":23},"end":{"line":93,"column":1}},"line":7}},"branchMap":{},"s":{"0":2,"1":3},"f":{"0":3},"b":{},"_coverageSchema":"1a1c01bbd47fc00a2c39e90264f33305004495a9","hash":"e9925e2db5a302393756ede33eb658175cc9808e"}
}
