{"/home/krishy/Documents/webD/reactStart/blinkist/src/components/atoms/assets/booksData.tsx": {"path":"/home/krishy/Documents/webD/reactStart/blinkist/src/components/atoms/assets/booksData.tsx","statementMap":{"0":{"start":{"line":15,"column":16},"end":{"line":102,"column":5}},"1":{"start":{"line":104,"column":0},"end":{"line":108,"column":2}},"2":{"start":{"line":105,"column":2},"end":{"line":107,"column":3}},"3":{"start":{"line":106,"column":4},"end":{"line":106,"column":22}}},"fnMap":{"0":{"name":"set","decl":{"start":{"line":103,"column":9},"end":{"line":103,"column":12}},"loc":{"start":{"line":103,"column":37},"end":{"line":109,"column":1}},"line":103},"1":{"name":"(anonymous_1)","decl":{"start":{"line":104,"column":20},"end":{"line":104,"column":21}},"loc":{"start":{"line":104,"column":26},"end":{"line":108,"column":1}},"line":104}},"branchMap":{"0":{"loc":{"start":{"line":105,"column":2},"end":{"line":107,"column":3}},"type":"if","locations":[{"start":{"line":105,"column":2},"end":{"line":107,"column":3}},{"start":{},"end":{}}],"line":105}},"s":{"0":1,"1":0,"2":0,"3":0},"f":{"0":0,"1":0},"b":{"0":[0,0]},"_coverageSchema":"1a1c01bbd47fc00a2c39e90264f33305004495a9","hash":"704318f9e5381233a880a3faca41d0b498fcedf5"}
,"/home/krishy/Documents/webD/reactStart/blinkist/src/components/atoms/avatar/Avatar.tsx": {"path":"/home/krishy/Documents/webD/reactStart/blinkist/src/components/atoms/avatar/Avatar.tsx","statementMap":{"0":{"start":{"line":6,"column":13},"end":{"line":11,"column":1}},"1":{"start":{"line":7,"column":0},"end":{"line":10,"column":1}}},"fnMap":{"0":{"name":"(anonymous_0)","decl":{"start":{"line":6,"column":13},"end":{"line":6,"column":14}},"loc":{"start":{"line":6,"column":34},"end":{"line":11,"column":1}},"line":6}},"branchMap":{},"s":{"0":1,"1":2},"f":{"0":2},"b":{},"_coverageSchema":"1a1c01bbd47fc00a2c39e90264f33305004495a9","hash":"5bb5f417ddaab91167dce05be481f86584ff7e58"}
,"/home/krishy/Documents/webD/reactStart/blinkist/src/components/atoms/logo/logo.tsx": {"path":"/home/krishy/Documents/webD/reactStart/blinkist/src/components/atoms/logo/logo.tsx","statementMap":{"0":{"start":{"line":1,"column":12},"end":{"line":7,"column":1}},"1":{"start":{"line":2,"column":4},"end":{"line":6,"column":5}}},"fnMap":{"0":{"name":"(anonymous_0)","decl":{"start":{"line":1,"column":12},"end":{"line":1,"column":13}},"loc":{"start":{"line":1,"column":16},"end":{"line":7,"column":1}},"line":1}},"branchMap":{},"s":{"0":2,"1":0},"f":{"0":0},"b":{},"_coverageSchema":"1a1c01bbd47fc00a2c39e90264f33305004495a9","hash":"809d60397d930fb9c802362c5b9169f5ccdac562"}
,"/home/krishy/Documents/webD/reactStart/blinkist/src/components/molecules/button/connectButton.tsx": {"path":"/home/krishy/Documents/webD/reactStart/blinkist/src/components/molecules/button/connectButton.tsx","statementMap":{"0":{"start":{"line":8,"column":19},"end":{"line":19,"column":1}},"1":{"start":{"line":9,"column":4},"end":{"line":18,"column":5}}},"fnMap":{"0":{"name":"(anonymous_0)","decl":{"start":{"line":8,"column":19},"end":{"line":8,"column":20}},"loc":{"start":{"line":8,"column":46},"end":{"line":19,"column":1}},"line":8}},"branchMap":{},"s":{"0":1,"1":0},"f":{"0":0},"b":{},"_coverageSchema":"1a1c01bbd47fc00a2c39e90264f33305004495a9","hash":"354ff4f5b772d7ef256dfb861f5ca924642e57b6"}
,"/home/krishy/Documents/webD/reactStart/blinkist/src/components/molecules/button/liberaryButton.tsx": {"path":"/home/krishy/Documents/webD/reactStart/blinkist/src/components/molecules/button/liberaryButton.tsx","statementMap":{"0":{"start":{"line":7,"column":21},"end":{"line":24,"column":1}},"1":{"start":{"line":9,"column":4},"end":{"line":23,"column":5}},"2":{"start":{"line":25,"column":0},"end":{"line":28,"column":1}},"3":{"start":{"line":26,"column":12},"end":{"line":26,"column":50}}},"fnMap":{"0":{"name":"(anonymous_0)","decl":{"start":{"line":7,"column":21},"end":{"line":7,"column":22}},"loc":{"start":{"line":7,"column":46},"end":{"line":24,"column":1}},"line":7},"1":{"name":"(anonymous_1)","decl":{"start":{"line":26,"column":8},"end":{"line":26,"column":9}},"loc":{"start":{"line":26,"column":12},"end":{"line":26,"column":50}},"line":26}},"branchMap":{},"s":{"0":2,"1":0,"2":2,"3":0},"f":{"0":0,"1":0},"b":{},"_coverageSchema":"1a1c01bbd47fc00a2c39e90264f33305004495a9","hash":"33478659d5ce209da082301b8f2247d18070f818"}
,"/home/krishy/Documents/webD/reactStart/blinkist/src/components/molecules/card/Card.tsx": {"path":"/home/krishy/Documents/webD/reactStart/blinkist/src/components/molecules/card/Card.tsx","statementMap":{"0":{"start":{"line":26,"column":16},"end":{"line":129,"column":1}},"1":{"start":{"line":27,"column":18},"end":{"line":27,"column":31}},"2":{"start":{"line":29,"column":25},"end":{"line":71,"column":19}},"3":{"start":{"line":29,"column":30},"end":{"line":71,"column":18}},"4":{"start":{"line":30,"column":15},"end":{"line":30,"column":87}},"5":{"start":{"line":30,"column":53},"end":{"line":30,"column":67}},"6":{"start":{"line":31,"column":18},"end":{"line":71,"column":18}},"7":{"start":{"line":32,"column":13},"end":{"line":55,"column":21}},"8":{"start":{"line":38,"column":17},"end":{"line":38,"column":51}},"9":{"start":{"line":39,"column":16},"end":{"line":39,"column":36}},"10":{"start":{"line":40,"column":16},"end":{"line":40,"column":33}},"11":{"start":{"line":56,"column":18},"end":{"line":71,"column":16}},"12":{"start":{"line":73,"column":4},"end":{"line":128,"column":5}},"13":{"start":{"line":130,"column":0},"end":{"line":140,"column":1}}},"fnMap":{"0":{"name":"(anonymous_0)","decl":{"start":{"line":26,"column":16},"end":{"line":26,"column":17}},"loc":{"start":{"line":26,"column":34},"end":{"line":129,"column":1}},"line":26},"1":{"name":"(anonymous_1)","decl":{"start":{"line":29,"column":25},"end":{"line":29,"column":26}},"loc":{"start":{"line":29,"column":29},"end":{"line":71,"column":19}},"line":29},"2":{"name":"(anonymous_2)","decl":{"start":{"line":30,"column":48},"end":{"line":30,"column":49}},"loc":{"start":{"line":30,"column":53},"end":{"line":30,"column":67}},"line":30},"3":{"name":"(anonymous_3)","decl":{"start":{"line":37,"column":22},"end":{"line":37,"column":23}},"loc":{"start":{"line":37,"column":26},"end":{"line":41,"column":13}},"line":37}},"branchMap":{"0":{"loc":{"start":{"line":29,"column":30},"end":{"line":71,"column":18}},"type":"if","locations":[{"start":{"line":29,"column":30},"end":{"line":71,"column":18}},{"start":{"line":31,"column":18},"end":{"line":71,"column":18}}],"line":29},"1":{"loc":{"start":{"line":31,"column":18},"end":{"line":71,"column":18}},"type":"if","locations":[{"start":{"line":31,"column":18},"end":{"line":71,"column":18}},{"start":{"line":56,"column":17},"end":{"line":71,"column":18}}],"line":31}},"s":{"0":1,"1":0,"2":0,"3":0,"4":0,"5":0,"6":0,"7":0,"8":0,"9":0,"10":0,"11":0,"12":0,"13":1},"f":{"0":0,"1":0,"2":0,"3":0},"b":{"0":[0,0],"1":[0,0]},"_coverageSchema":"1a1c01bbd47fc00a2c39e90264f33305004495a9","hash":"ded1451219cf19fc388d538c349fc3bc6c60b43b"}
,"/home/krishy/Documents/webD/reactStart/blinkist/src/components/molecules/search_bar/SearchBar.tsx": {"path":"/home/krishy/Documents/webD/reactStart/blinkist/src/components/molecules/search_bar/SearchBar.tsx","statementMap":{"0":{"start":{"line":9,"column":17},"end":{"line":32,"column":1}},"1":{"start":{"line":10,"column":0},"end":{"line":31,"column":1}}},"fnMap":{"0":{"name":"(anonymous_0)","decl":{"start":{"line":9,"column":17},"end":{"line":9,"column":18}},"loc":{"start":{"line":9,"column":21},"end":{"line":32,"column":1}},"line":9}},"branchMap":{},"s":{"0":1,"1":0},"f":{"0":0},"b":{},"_coverageSchema":"1a1c01bbd47fc00a2c39e90264f33305004495a9","hash":"3fd3cc7ed1ec623ff06c1f2627ed4797d043532a"}
,"/home/krishy/Documents/webD/reactStart/blinkist/src/components/molecules/tabs/tab.tsx": {"path":"/home/krishy/Documents/webD/reactStart/blinkist/src/components/molecules/tabs/tab.tsx","statementMap":{"0":{"start":{"line":7,"column":12},"end":{"line":28,"column":1}},"1":{"start":{"line":8,"column":4},"end":{"line":27,"column":5}},"2":{"start":{"line":30,"column":0},"end":{"line":33,"column":1}}},"fnMap":{"0":{"name":"(anonymous_0)","decl":{"start":{"line":7,"column":12},"end":{"line":7,"column":13}},"loc":{"start":{"line":7,"column":32},"end":{"line":28,"column":1}},"line":7}},"branchMap":{"0":{"loc":{"start":{"line":10,"column":25},"end":{"line":12,"column":32}},"type":"cond-expr","locations":[{"start":{"line":11,"column":13},"end":{"line":11,"column":32}},{"start":{"line":12,"column":13},"end":{"line":12,"column":32}}],"line":10},"1":{"loc":{"start":{"line":15,"column":18},"end":{"line":17,"column":22}},"type":"cond-expr","locations":[{"start":{"line":16,"column":13},"end":{"line":16,"column":22}},{"start":{"line":17,"column":13},"end":{"line":17,"column":22}}],"line":15}},"s":{"0":1,"1":0,"2":1},"f":{"0":0},"b":{"0":[0,0],"1":[0,0]},"_coverageSchema":"1a1c01bbd47fc00a2c39e90264f33305004495a9","hash":"4809e6610eeef63b8b03561168fca2e23e67b3e8"}
,"/home/krishy/Documents/webD/reactStart/blinkist/src/components/organisms/banner/banner.tsx": {"path":"/home/krishy/Documents/webD/reactStart/blinkist/src/components/organisms/banner/banner.tsx","statementMap":{"0":{"start":{"line":3,"column":15},"end":{"line":88,"column":1}},"1":{"start":{"line":4,"column":4},"end":{"line":87,"column":5}}},"fnMap":{"0":{"name":"(anonymous_0)","decl":{"start":{"line":3,"column":15},"end":{"line":3,"column":16}},"loc":{"start":{"line":3,"column":21},"end":{"line":88,"column":1}},"line":3}},"branchMap":{},"s":{"0":1,"1":0},"f":{"0":0},"b":{},"_coverageSchema":"1a1c01bbd47fc00a2c39e90264f33305004495a9","hash":"b88725c6fe1d83968b5f9bf531934287622a89bf"}
,"/home/krishy/Documents/webD/reactStart/blinkist/src/components/organisms/footer/footer.tsx": {"path":"/home/krishy/Documents/webD/reactStart/blinkist/src/components/organisms/footer/footer.tsx","statementMap":{"0":{"start":{"line":4,"column":13},"end":{"line":50,"column":1}},"1":{"start":{"line":5,"column":4},"end":{"line":49,"column":5}}},"fnMap":{"0":{"name":"(anonymous_0)","decl":{"start":{"line":4,"column":13},"end":{"line":4,"column":14}},"loc":{"start":{"line":4,"column":17},"end":{"line":50,"column":1}},"line":4}},"branchMap":{},"s":{"0":1,"1":0},"f":{"0":0},"b":{},"_coverageSchema":"1a1c01bbd47fc00a2c39e90264f33305004495a9","hash":"2a9b8872c42d49e35747f45a8fc642dc8bcfc5bf"}
,"/home/krishy/Documents/webD/reactStart/blinkist/src/components/organisms/navSelection/NavSelection.tsx": {"path":"/home/krishy/Documents/webD/reactStart/blinkist/src/components/organisms/navSelection/NavSelection.tsx","statementMap":{"0":{"start":{"line":6,"column":19},"end":{"line":92,"column":1}},"1":{"start":{"line":7,"column":4},"end":{"line":91,"column":5}}},"fnMap":{"0":{"name":"(anonymous_0)","decl":{"start":{"line":6,"column":19},"end":{"line":6,"column":20}},"loc":{"start":{"line":6,"column":23},"end":{"line":92,"column":1}},"line":6}},"branchMap":{},"s":{"0":1,"1":0},"f":{"0":0},"b":{},"_coverageSchema":"1a1c01bbd47fc00a2c39e90264f33305004495a9","hash":"0e89a81a3f2a94c411387f084ad8f8a98add78e0"}
}
